c:\users\anamaria\desktop\qtdemoapp\x64\debug\qtdemoapp.obj
c:\users\anamaria\desktop\qtdemoapp\x64\debug\student.obj
c:\users\anamaria\desktop\qtdemoapp\x64\debug\repo.obj
c:\users\anamaria\desktop\qtdemoapp\x64\debug\qrc_qtdemoapp.obj
c:\users\anamaria\desktop\qtdemoapp\x64\debug\main.obj
c:\users\anamaria\desktop\qtdemoapp\x64\debug\moc_qtdemoapp.obj
c:\users\anamaria\desktop\qtdemoapp\x64\debug\vc141.pdb
c:\users\anamaria\desktop\x64\debug\qtdemoapp.ilk
c:\users\anamaria\desktop\x64\debug\qtdemoapp.exe
c:\users\anamaria\desktop\x64\debug\qtdemoapp.pdb
c:\users\anamaria\desktop\qtdemoapp\generatedfiles\debug\moc_qtdemoapp.cpp
c:\users\anamaria\desktop\qtdemoapp\generatedfiles\qrc_qtdemoapp.cpp
c:\users\anamaria\desktop\qtdemoapp\generatedfiles\ui_qtdemoapp.h
c:\users\anamaria\desktop\qtdemoapp\x64\debug\qtdemoapp.tlog\cl.command.1.tlog
c:\users\anamaria\desktop\qtdemoapp\x64\debug\qtdemoapp.tlog\cl.read.1.tlog
c:\users\anamaria\desktop\qtdemoapp\x64\debug\qtdemoapp.tlog\cl.write.1.tlog
c:\users\anamaria\desktop\qtdemoapp\x64\debug\qtdemoapp.tlog\link.command.1.tlog
c:\users\anamaria\desktop\qtdemoapp\x64\debug\qtdemoapp.tlog\link.read.1.tlog
c:\users\anamaria\desktop\qtdemoapp\x64\debug\qtdemoapp.tlog\link.write.1.tlog
c:\users\anamaria\desktop\qtdemoapp\x64\debug\qtdemoapp.tlog\qtdemoapp.write.1u.tlog
